dbf-mobile-host/android/app/build/intermediates/manifest_merge_blame_file/debug/manifest-merger-blame-debug-report.txt
1<?xml version="1.0" encoding="utf-8"?>
2<manifest xmlns:android="http://schemas.android.com/apk/res/android"
3    package="com.dbf.mobile"
4    android:versionCode="1"
5    android:versionName="1.0" >
6
7    <uses-sdk
8        android:minSdkVersion="24"
8-->src\main\AndroidManifest.xml
9        android:targetSdkVersion="34" />
9-->src\main\AndroidManifest.xml
10
11    <uses-permission android:name="android.permission.INTERNET" />
11-->src\main\AndroidManifest.xml:5:3-65
11-->src\main\AndroidManifest.xml:5:20-62
12    <uses-permission android:name="android.permission.ACCESS_NETWORK_STATE" />
12-->src\main\AndroidManifest.xml:6:3-77
12-->src\main\AndroidManifest.xml:6:20-74
13    <uses-permission android:name="android.permission.POST_NOTIFICATIONS" />
13-->src\main\AndroidManifest.xml:7:3-75
13-->src\main\AndroidManifest.xml:7:20-72
14    <uses-permission android:name="android.permission.WAKE_LOCK" /> <!-- Required by older versions of Google Play services to create IID tokens -->
14-->[com.google.firebase:firebase-messaging:24.0.0] AndroidManifest.xml:24:5-68
14-->[com.google.firebase:firebase-messaging:24.0.0] AndroidManifest.xml:24:22-65
15    <uses-permission android:name="com.google.android.c2dm.permission.RECEIVE" />
15-->[com.google.firebase:firebase-messaging:24.0.0] AndroidManifest.xml:26:5-82
15-->[com.google.firebase:firebase-messaging:24.0.0] AndroidManifest.xml:26:22-79
16
17    <permission
17-->[androidx.core:core:1.13.1] AndroidManifest.xml:22:5-24:47
18        android:name="com.dbf.mobile.DYNAMIC_RECEIVER_NOT_EXPORTED_PERMISSION"
18-->[androidx.core:core:1.13.1] AndroidManifest.xml:23:9-81
19        android:protectionLevel="signature" />
19-->[androidx.core:core:1.13.1] AndroidManifest.xml:24:9-44
20
21    <uses-permission android:name="com.dbf.mobile.DYNAMIC_RECEIVER_NOT_EXPORTED_PERMISSION" />
21-->[androidx.core:core:1.13.1] AndroidManifest.xml:26:5-97
21-->[androidx.core:core:1.13.1] AndroidManifest.xml:26:22-94
22
23    <application
23-->src\main\AndroidManifest.xml:9:3-38:17
24        android:allowBackup="true"
24-->src\main\AndroidManifest.xml:12:5-31
25        android:appComponentFactory="androidx.core.app.CoreComponentFactory"
25-->[androidx.core:core:1.13.1] AndroidManifest.xml:28:18-86
26        android:debuggable="true"
27        android:extractNativeLibs="false"
28        android:label="DBFMobileHost"
28-->src\main\AndroidManifest.xml:10:5-34
29        android:testOnly="true"
30        android:usesCleartextTraffic="true" >
30-->src\main\AndroidManifest.xml:11:5-40
31        <activity
31-->src\main\AndroidManifest.xml:14:5-28:16
32            android:name="com.dbf.mobile.MainActivity"
32-->src\main\AndroidManifest.xml:15:7-35
33            android:exported="true"
33-->src\main\AndroidManifest.xml:16:7-30
34            android:launchMode="singleTop" >
34-->src\main\AndroidManifest.xml:17:7-37
35            <intent-filter>
35-->src\main\AndroidManifest.xml:18:7-21:23
36                <action android:name="android.intent.action.MAIN" />
36-->src\main\AndroidManifest.xml:19:9-61
36-->src\main\AndroidManifest.xml:19:17-58
37
38                <category android:name="android.intent.category.LAUNCHER" />
38-->src\main\AndroidManifest.xml:20:9-69
38-->src\main\AndroidManifest.xml:20:19-66
39            </intent-filter>
40            <intent-filter>
40-->src\main\AndroidManifest.xml:22:7-27:23
41                <action android:name="android.intent.action.VIEW" />
41-->src\main\AndroidManifest.xml:23:9-61
41-->src\main\AndroidManifest.xml:23:17-58
42
43                <category android:name="android.intent.category.DEFAULT" />
43-->src\main\AndroidManifest.xml:24:9-68
43-->src\main\AndroidManifest.xml:24:19-65
44                <category android:name="android.intent.category.BROWSABLE" />
44-->src\main\AndroidManifest.xml:25:9-70
44-->src\main\AndroidManifest.xml:25:19-67
45
46                <data
46-->src\main\AndroidManifest.xml:26:9-58
47                    android:host="open"
47-->src\main\AndroidManifest.xml:26:36-55
48                    android:scheme="dbf" />
48-->src\main\AndroidManifest.xml:26:15-35
49            </intent-filter>
50        </activity>
51
52        <service
52-->src\main\AndroidManifest.xml:30:5-36:15
53            android:name="com.dbf.mobile.PushService"
53-->src\main\AndroidManifest.xml:31:7-34
54            android:exported="false" >
54-->src\main\AndroidManifest.xml:32:7-31
55            <intent-filter>
55-->src\main\AndroidManifest.xml:33:7-35:23
56                <action android:name="com.google.firebase.MESSAGING_EVENT" />
56-->src\main\AndroidManifest.xml:34:9-70
56-->src\main\AndroidManifest.xml:34:17-67
57            </intent-filter>
58        </service>
59
60        <receiver
60-->[com.google.firebase:firebase-messaging:24.0.0] AndroidManifest.xml:29:9-40:20
61            android:name="com.google.firebase.iid.FirebaseInstanceIdReceiver"
61-->[com.google.firebase:firebase-messaging:24.0.0] AndroidManifest.xml:30:13-78
62            android:exported="true"
62-->[com.google.firebase:firebase-messaging:24.0.0] AndroidManifest.xml:31:13-36
63            android:permission="com.google.android.c2dm.permission.SEND" >
63-->[com.google.firebase:firebase-messaging:24.0.0] AndroidManifest.xml:32:13-73
64            <intent-filter>
64-->[com.google.firebase:firebase-messaging:24.0.0] AndroidManifest.xml:33:13-35:29
65                <action android:name="com.google.android.c2dm.intent.RECEIVE" />
65-->[com.google.firebase:firebase-messaging:24.0.0] AndroidManifest.xml:34:17-81
65-->[com.google.firebase:firebase-messaging:24.0.0] AndroidManifest.xml:34:25-78
66            </intent-filter>
67
68            <meta-data
68-->[com.google.firebase:firebase-messaging:24.0.0] AndroidManifest.xml:37:13-39:40
69                android:name="com.google.android.gms.cloudmessaging.FINISHED_AFTER_HANDLED"
69-->[com.google.firebase:firebase-messaging:24.0.0] AndroidManifest.xml:38:17-92
70                android:value="true" />
70-->[com.google.firebase:firebase-messaging:24.0.0] AndroidManifest.xml:39:17-37
71        </receiver>
72        <!--
73             FirebaseMessagingService performs security checks at runtime,
74             but set to not exported to explicitly avoid allowing another app to call it.
75        -->
76        <service
76-->[com.google.firebase:firebase-messaging:24.0.0] AndroidManifest.xml:46:9-53:19
77            android:name="com.google.firebase.messaging.FirebaseMessagingService"
77-->[com.google.firebase:firebase-messaging:24.0.0] AndroidManifest.xml:47:13-82
78            android:directBootAware="true"
78-->[com.google.firebase:firebase-messaging:24.0.0] AndroidManifest.xml:48:13-43
79            android:exported="false" >
79-->[com.google.firebase:firebase-messaging:24.0.0] AndroidManifest.xml:49:13-37
80            <intent-filter android:priority="-500" >
80-->src\main\AndroidManifest.xml:33:7-35:23
81                <action android:name="com.google.firebase.MESSAGING_EVENT" />
81-->src\main\AndroidManifest.xml:34:9-70
81-->src\main\AndroidManifest.xml:34:17-67
82            </intent-filter>
83        </service>
84        <service
84-->[com.google.firebase:firebase-messaging:24.0.0] AndroidManifest.xml:54:9-63:19
85            android:name="com.google.firebase.components.ComponentDiscoveryService"
85-->[com.google.firebase:firebase-messaging:24.0.0] AndroidManifest.xml:55:13-84
86            android:directBootAware="true"
86-->[com.google.firebase:firebase-common:21.0.0] AndroidManifest.xml:32:13-43
87            android:exported="false" >
87-->[com.google.firebase:firebase-messaging:24.0.0] AndroidManifest.xml:56:13-37
88            <meta-data
88-->[com.google.firebase:firebase-messaging:24.0.0] AndroidManifest.xml:57:13-59:85
89                android:name="com.google.firebase.components:com.google.firebase.messaging.FirebaseMessagingKtxRegistrar"
89-->[com.google.firebase:firebase-messaging:24.0.0] AndroidManifest.xml:58:17-122
90                android:value="com.google.firebase.components.ComponentRegistrar" />
90-->[com.google.firebase:firebase-messaging:24.0.0] AndroidManifest.xml:59:17-82
91            <meta-data
91-->[com.google.firebase:firebase-messaging:24.0.0] AndroidManifest.xml:60:13-62:85
92                android:name="com.google.firebase.components:com.google.firebase.messaging.FirebaseMessagingRegistrar"
92-->[com.google.firebase:firebase-messaging:24.0.0] AndroidManifest.xml:61:17-119
93                android:value="com.google.firebase.components.ComponentRegistrar" />
93-->[com.google.firebase:firebase-messaging:24.0.0] AndroidManifest.xml:62:17-82
94            <meta-data
94-->[com.google.firebase:firebase-installations:17.2.0] AndroidManifest.xml:15:13-17:85
95                android:name="com.google.firebase.components:com.google.firebase.installations.FirebaseInstallationsKtxRegistrar"
95-->[com.google.firebase:firebase-installations:17.2.0] AndroidManifest.xml:16:17-130
96                android:value="com.google.firebase.components.ComponentRegistrar" />
96-->[com.google.firebase:firebase-installations:17.2.0] AndroidManifest.xml:17:17-82
97            <meta-data
97-->[com.google.firebase:firebase-installations:17.2.0] AndroidManifest.xml:18:13-20:85
98                android:name="com.google.firebase.components:com.google.firebase.installations.FirebaseInstallationsRegistrar"
98-->[com.google.firebase:firebase-installations:17.2.0] AndroidManifest.xml:19:17-127
99                android:value="com.google.firebase.components.ComponentRegistrar" />
99-->[com.google.firebase:firebase-installations:17.2.0] AndroidManifest.xml:20:17-82
100            <meta-data
100-->[com.google.firebase:firebase-common-ktx:21.0.0] AndroidManifest.xml:12:13-14:85
101                android:name="com.google.firebase.components:com.google.firebase.ktx.FirebaseCommonLegacyRegistrar"
101-->[com.google.firebase:firebase-common-ktx:21.0.0] AndroidManifest.xml:13:17-116
102                android:value="com.google.firebase.components.ComponentRegistrar" />
102-->[com.google.firebase:firebase-common-ktx:21.0.0] AndroidManifest.xml:14:17-82
103            <meta-data
103-->[com.google.firebase:firebase-common:21.0.0] AndroidManifest.xml:35:13-37:85
104                android:name="com.google.firebase.components:com.google.firebase.FirebaseCommonKtxRegistrar"
104-->[com.google.firebase:firebase-common:21.0.0] AndroidManifest.xml:36:17-109
105                android:value="com.google.firebase.components.ComponentRegistrar" />
105-->[com.google.firebase:firebase-common:21.0.0] AndroidManifest.xml:37:17-82
106            <meta-data
106-->[com.google.firebase:firebase-datatransport:18.2.0] AndroidManifest.xml:25:13-27:85
107                android:name="com.google.firebase.components:com.google.firebase.datatransport.TransportRegistrar"
107-->[com.google.firebase:firebase-datatransport:18.2.0] AndroidManifest.xml:26:17-115
108                android:value="com.google.firebase.components.ComponentRegistrar" />
108-->[com.google.firebase:firebase-datatransport:18.2.0] AndroidManifest.xml:27:17-82
109        </service>
110
111        <provider
111-->[com.google.firebase:firebase-common:21.0.0] AndroidManifest.xml:23:9-28:39
112            android:name="com.google.firebase.provider.FirebaseInitProvider"
112-->[com.google.firebase:firebase-common:21.0.0] AndroidManifest.xml:24:13-77
113            android:authorities="com.dbf.mobile.firebaseinitprovider"
113-->[com.google.firebase:firebase-common:21.0.0] AndroidManifest.xml:25:13-72
114            android:directBootAware="true"
114-->[com.google.firebase:firebase-common:21.0.0] AndroidManifest.xml:26:13-43
115            android:exported="false"
115-->[com.google.firebase:firebase-common:21.0.0] AndroidManifest.xml:27:13-37
116            android:initOrder="100" />
116-->[com.google.firebase:firebase-common:21.0.0] AndroidManifest.xml:28:13-36
117
118        <activity
118-->[com.google.android.gms:play-services-base:18.0.1] AndroidManifest.xml:20:9-22:45
119            android:name="com.google.android.gms.common.api.GoogleApiActivity"
119-->[com.google.android.gms:play-services-base:18.0.1] AndroidManifest.xml:20:19-85
120            android:exported="false"
120-->[com.google.android.gms:play-services-base:18.0.1] AndroidManifest.xml:22:19-43
121            android:theme="@android:style/Theme.Translucent.NoTitleBar" />
121-->[com.google.android.gms:play-services-base:18.0.1] AndroidManifest.xml:21:19-78
122
123        <meta-data
123-->[com.google.android.gms:play-services-basement:18.3.0] AndroidManifest.xml:21:9-23:69
124            android:name="com.google.android.gms.version"
124-->[com.google.android.gms:play-services-basement:18.3.0] AndroidManifest.xml:22:13-58
125            android:value="@integer/google_play_services_version" />
125-->[com.google.android.gms:play-services-basement:18.3.0] AndroidManifest.xml:23:13-66
126
127        <provider
127-->[androidx.emoji2:emoji2:1.3.0] AndroidManifest.xml:24:9-32:20
128            android:name="androidx.startup.InitializationProvider"
128-->[androidx.emoji2:emoji2:1.3.0] AndroidManifest.xml:25:13-67
129            android:authorities="com.dbf.mobile.androidx-startup"
129-->[androidx.emoji2:emoji2:1.3.0] AndroidManifest.xml:26:13-68
130            android:exported="false" >
130-->[androidx.emoji2:emoji2:1.3.0] AndroidManifest.xml:27:13-37
131            <meta-data
131-->[androidx.emoji2:emoji2:1.3.0] AndroidManifest.xml:29:13-31:52
132                android:name="androidx.emoji2.text.EmojiCompatInitializer"
132-->[androidx.emoji2:emoji2:1.3.0] AndroidManifest.xml:30:17-75
133                android:value="androidx.startup" />
133-->[androidx.emoji2:emoji2:1.3.0] AndroidManifest.xml:31:17-49
134            <meta-data
134-->[androidx.lifecycle:lifecycle-process:2.6.2] AndroidManifest.xml:29:13-31:52
135                android:name="androidx.lifecycle.ProcessLifecycleInitializer"
135-->[androidx.lifecycle:lifecycle-process:2.6.2] AndroidManifest.xml:30:17-78
136                android:value="androidx.startup" />
136-->[androidx.lifecycle:lifecycle-process:2.6.2] AndroidManifest.xml:31:17-49
137            <meta-data
137-->[androidx.profileinstaller:profileinstaller:1.3.1] AndroidManifest.xml:29:13-31:52
138                android:name="androidx.profileinstaller.ProfileInstallerInitializer"
138-->[androidx.profileinstaller:profileinstaller:1.3.1] AndroidManifest.xml:30:17-85
139                android:value="androidx.startup" />
139-->[androidx.profileinstaller:profileinstaller:1.3.1] AndroidManifest.xml:31:17-49
140        </provider>
141
142        <receiver
142-->[androidx.profileinstaller:profileinstaller:1.3.1] AndroidManifest.xml:34:9-52:20
143            android:name="androidx.profileinstaller.ProfileInstallReceiver"
143-->[androidx.profileinstaller:profileinstaller:1.3.1] AndroidManifest.xml:35:13-76
144            android:directBootAware="false"
144-->[androidx.profileinstaller:profileinstaller:1.3.1] AndroidManifest.xml:36:13-44
145            android:enabled="true"
145-->[androidx.profileinstaller:profileinstaller:1.3.1] AndroidManifest.xml:37:13-35
146            android:exported="true"
146-->[androidx.profileinstaller:profileinstaller:1.3.1] AndroidManifest.xml:38:13-36
147            android:permission="android.permission.DUMP" >
147-->[androidx.profileinstaller:profileinstaller:1.3.1] AndroidManifest.xml:39:13-57
148            <intent-filter>
148-->[androidx.profileinstaller:profileinstaller:1.3.1] AndroidManifest.xml:40:13-42:29
149                <action android:name="androidx.profileinstaller.action.INSTALL_PROFILE" />
149-->[androidx.profileinstaller:profileinstaller:1.3.1] AndroidManifest.xml:41:17-91
149-->[androidx.profileinstaller:profileinstaller:1.3.1] AndroidManifest.xml:41:25-88
150            </intent-filter>
151            <intent-filter>
151-->[androidx.profileinstaller:profileinstaller:1.3.1] AndroidManifest.xml:43:13-45:29
152                <action android:name="androidx.profileinstaller.action.SKIP_FILE" />
152-->[androidx.profileinstaller:profileinstaller:1.3.1] AndroidManifest.xml:44:17-85
152-->[androidx.profileinstaller:profileinstaller:1.3.1] AndroidManifest.xml:44:25-82
153            </intent-filter>
154            <intent-filter>
154-->[androidx.profileinstaller:profileinstaller:1.3.1] AndroidManifest.xml:46:13-48:29
155                <action android:name="androidx.profileinstaller.action.SAVE_PROFILE" />
155-->[androidx.profileinstaller:profileinstaller:1.3.1] AndroidManifest.xml:47:17-88
155-->[androidx.profileinstaller:profileinstaller:1.3.1] AndroidManifest.xml:47:25-85
156            </intent-filter>
157            <intent-filter>
157-->[androidx.profileinstaller:profileinstaller:1.3.1] AndroidManifest.xml:49:13-51:29
158                <action android:name="androidx.profileinstaller.action.BENCHMARK_OPERATION" />
158-->[androidx.profileinstaller:profileinstaller:1.3.1] AndroidManifest.xml:50:17-95
158-->[androidx.profileinstaller:profileinstaller:1.3.1] AndroidManifest.xml:50:25-92
159            </intent-filter>
160        </receiver>
161
162        <service
162-->[com.google.android.datatransport:transport-backend-cct:3.1.9] AndroidManifest.xml:28:9-34:19
163            android:name="com.google.android.datatransport.runtime.backends.TransportBackendDiscovery"
163-->[com.google.android.datatransport:transport-backend-cct:3.1.9] AndroidManifest.xml:29:13-103
164            android:exported="false" >
164-->[com.google.android.datatransport:transport-backend-cct:3.1.9] AndroidManifest.xml:30:13-37
165            <meta-data
165-->[com.google.android.datatransport:transport-backend-cct:3.1.9] AndroidManifest.xml:31:13-33:39
166                android:name="backend:com.google.android.datatransport.cct.CctBackendFactory"
166-->[com.google.android.datatransport:transport-backend-cct:3.1.9] AndroidManifest.xml:32:17-94
167                android:value="cct" />
167-->[com.google.android.datatransport:transport-backend-cct:3.1.9] AndroidManifest.xml:33:17-36
168        </service>
169        <service
169-->[com.google.android.datatransport:transport-runtime:3.1.9] AndroidManifest.xml:26:9-30:19
170            android:name="com.google.android.datatransport.runtime.scheduling.jobscheduling.JobInfoSchedulerService"
170-->[com.google.android.datatransport:transport-runtime:3.1.9] AndroidManifest.xml:27:13-117
171            android:exported="false"
171-->[com.google.android.datatransport:transport-runtime:3.1.9] AndroidManifest.xml:28:13-37
172            android:permission="android.permission.BIND_JOB_SERVICE" >
172-->[com.google.android.datatransport:transport-runtime:3.1.9] AndroidManifest.xml:29:13-69
173        </service>
174
175        <receiver
175-->[com.google.android.datatransport:transport-runtime:3.1.9] AndroidManifest.xml:32:9-34:40
176            android:name="com.google.android.datatransport.runtime.scheduling.jobscheduling.AlarmManagerSchedulerBroadcastReceiver"
176-->[com.google.android.datatransport:transport-runtime:3.1.9] AndroidManifest.xml:33:13-132
177            android:exported="false" />
177-->[com.google.android.datatransport:transport-runtime:3.1.9] AndroidManifest.xml:34:13-37
178    </application>
179
180</manifest>